<?xml version="1.0" encoding="UTF-8"?>
<testng-results skipped="0" failed="0" total="3" passed="3">
  <reporter-output>
  </reporter-output>
  <suite name="Command line suite" duration-ms="763" started-at="2014-03-10T08:23:48Z" finished-at="2014-03-10T08:23:49Z">
    <groups>
    </groups>
    <test name="Command line test" duration-ms="763" started-at="2014-03-10T08:23:48Z" finished-at="2014-03-10T08:23:49Z">
      <class name="com.ea.nex.TestGetUserServlet">
        <test-method status="PASS" signature="init()[pri:0, instance:com.ea.nex.TestGetUserServlet@4bac3fc7]" name="init" is-config="true" duration-ms="215" started-at="2014-03-10T16:23:48Z" finished-at="2014-03-10T16:23:48Z">
          <reporter-output>
          </reporter-output>
        </test-method> <!-- init -->
        <test-method status="PASS" signature="setUp()[pri:0, instance:com.ea.nex.TestGetUserServlet@4bac3fc7]" name="setUp" is-config="true" duration-ms="0" started-at="2014-03-10T16:23:48Z" finished-at="2014-03-10T16:23:48Z">
          <reporter-output>
          </reporter-output>
        </test-method> <!-- setUp -->
        <test-method status="PASS" signature="testGet()[pri:0, instance:com.ea.nex.TestGetUserServlet@4bac3fc7]" name="testGet" duration-ms="28" started-at="2014-03-10T16:23:48Z" finished-at="2014-03-10T16:23:48Z">
          <reporter-output>
          </reporter-output>
        </test-method> <!-- testGet -->
      </class> <!-- com.ea.nex.TestGetUserServlet -->
      <class name="com.ea.nex.TestServiceBeanFactory">
        <test-method status="PASS" signature="testGetSecurityService()[pri:0, instance:com.ea.nex.TestServiceBeanFactory@fd49c56]" name="testGetSecurityService" duration-ms="8" started-at="2014-03-10T16:23:48Z" finished-at="2014-03-10T16:23:48Z">
          <reporter-output>
          </reporter-output>
        </test-method> <!-- testGetSecurityService -->
        <test-method status="PASS" signature="testGetUserService()[pri:0, instance:com.ea.nex.TestServiceBeanFactory@fd49c56]" name="testGetUserService" duration-ms="497" started-at="2014-03-10T16:23:48Z" finished-at="2014-03-10T16:23:49Z">
          <reporter-output>
          </reporter-output>
        </test-method> <!-- testGetUserService -->
      </class> <!-- com.ea.nex.TestServiceBeanFactory -->
    </test> <!-- Command line test -->
  </suite> <!-- Command line suite -->
</testng-results>
