<?xml version="1.0" encoding="UTF-8"?>
<testng-results skipped="0" failed="0" total="1" passed="1">
  <reporter-output>
  </reporter-output>
  <suite name="com.ea.nex.TestSecurityService" duration-ms="94" started-at="2014-03-10T08:23:46Z" finished-at="2014-03-10T08:23:46Z">
    <groups>
    </groups>
    <test name="Command line test" duration-ms="94" started-at="2014-03-10T08:23:46Z" finished-at="2014-03-10T08:23:46Z">
      <class name="com.ea.nex.TestSecurityService">
        <test-method status="PASS" signature="init()[pri:0, instance:com.ea.nex.TestSecurityService@16d14192]" name="init" is-config="true" duration-ms="19" started-at="2014-03-10T16:23:46Z" finished-at="2014-03-10T16:23:46Z">
          <reporter-output>
          </reporter-output>
        </test-method> <!-- init -->
        <test-method status="PASS" signature="testChechParameter()[pri:0, instance:com.ea.nex.TestSecurityService@16d14192]" name="testChechParameter" duration-ms="53" started-at="2014-03-10T16:23:46Z" finished-at="2014-03-10T16:23:46Z">
          <reporter-output>
          </reporter-output>
        </test-method> <!-- testChechParameter -->
      </class> <!-- com.ea.nex.TestSecurityService -->
    </test> <!-- Command line test -->
  </suite> <!-- com.ea.nex.TestSecurityService -->
</testng-results>
