<?xml version="1.0" encoding="UTF-8"?>
<!-- Generated by org.testng.reporters.JUnitXMLReporter -->
<testsuite hostname="EricQius-MacBook-Air.local" name="Command line test" tests="3" failures="0" timestamp="10 Mar 2014 08:23:49 GMT" time="0.763" errors="0">
  <testcase name="testGet" time="0.028" classname="com.ea.nex.TestGetUserServlet"/>
  <testcase name="testGetSecurityService" time="0.008" classname="com.ea.nex.TestServiceBeanFactory"/>
  <testcase name="testGetUserService" time="0.497" classname="com.ea.nex.TestServiceBeanFactory"/>
</testsuite> <!-- Command line test -->
